2017-06-10 17:50:02 Notice: Notice (8): Undefined index: email in [C:\xampp\htdocs\meeat\src\Controller\ServicesController.php, line 14]
Request URL: /services/signup
Trace:
Cake\Error\BaseErrorHandler::handleError() - CORE\src\Error\BaseErrorHandler.php, line 153
App\Controller\ServicesController::signup() - APP/Controller\ServicesController.php, line 14
Cake\Controller\Controller::invokeAction() - CORE\src\Controller\Controller.php, line 440
Cake\Http\ActionDispatcher::_invoke() - CORE\src\Http\ActionDispatcher.php, line 119
Cake\Http\ActionDispatcher::dispatch() - CORE\src\Http\ActionDispatcher.php, line 93
Cake\Http\BaseApplication::__invoke() - CORE\src\Http\BaseApplication.php, line 78
Cake\Http\Runner::__invoke() - CORE\src\Http\Runner.php, line 65
Cake\Routing\Middleware\RoutingMiddleware::__invoke() - CORE\src\Routing\Middleware\RoutingMiddleware.php, line 59
Cake\Http\Runner::__invoke() - CORE\src\Http\Runner.php, line 65
Cake\Routing\Middleware\AssetMiddleware::__invoke() - CORE\src\Routing\Middleware\AssetMiddleware.php, line 88
Cake\Http\Runner::__invoke() - CORE\src\Http\Runner.php, line 65
Cake\Error\Middleware\ErrorHandlerMiddleware::__invoke() - CORE\src\Error\Middleware\ErrorHandlerMiddleware.php, line 92
Cake\Http\Runner::__invoke() - CORE\src\Http\Runner.php, line 65
DebugKit\Middleware\DebugKitMiddleware::__invoke() - ROOT\vendor\cakephp\debug_kit\src\Middleware\DebugKitMiddleware.php, line 52
Cake\Http\Runner::__invoke() - CORE\src\Http\Runner.php, line 65
Cake\Http\Runner::run() - CORE\src\Http\Runner.php, line 51
Cake\Http\Server::run() - CORE\src\Http\Server.php, line 80
[main] - ROOT\webroot\index.php, line 37



2017-06-11 08:31:26 Notice: Notice (8): Trying to get property of non-object in [C:\xampp\htdocs\meeat\src\Controller\ServicesController.php, line 137]
Request URL: /services/login
Trace:
Cake\Error\BaseErrorHandler::handleError() - CORE\src\Error\BaseErrorHandler.php, line 153
App\Controller\ServicesController::login() - APP/Controller\ServicesController.php, line 137
Cake\Controller\Controller::invokeAction() - CORE\src\Controller\Controller.php, line 440
Cake\Http\ActionDispatcher::_invoke() - CORE\src\Http\ActionDispatcher.php, line 119
Cake\Http\ActionDispatcher::dispatch() - CORE\src\Http\ActionDispatcher.php, line 93
Cake\Http\BaseApplication::__invoke() - CORE\src\Http\BaseApplication.php, line 78
Cake\Http\Runner::__invoke() - CORE\src\Http\Runner.php, line 65
Cake\Routing\Middleware\RoutingMiddleware::__invoke() - CORE\src\Routing\Middleware\RoutingMiddleware.php, line 59
Cake\Http\Runner::__invoke() - CORE\src\Http\Runner.php, line 65
Cake\Routing\Middleware\AssetMiddleware::__invoke() - CORE\src\Routing\Middleware\AssetMiddleware.php, line 88
Cake\Http\Runner::__invoke() - CORE\src\Http\Runner.php, line 65
Cake\Error\Middleware\ErrorHandlerMiddleware::__invoke() - CORE\src\Error\Middleware\ErrorHandlerMiddleware.php, line 92
Cake\Http\Runner::__invoke() - CORE\src\Http\Runner.php, line 65
DebugKit\Middleware\DebugKitMiddleware::__invoke() - ROOT\vendor\cakephp\debug_kit\src\Middleware\DebugKitMiddleware.php, line 52
Cake\Http\Runner::__invoke() - CORE\src\Http\Runner.php, line 65
Cake\Http\Runner::run() - CORE\src\Http\Runner.php, line 51
Cake\Http\Server::run() - CORE\src\Http\Server.php, line 80
[main] - ROOT\webroot\index.php, line 37



2017-06-11 08:33:21 Notice: Notice (8): Trying to get property of non-object in [C:\xampp\htdocs\meeat\src\Controller\ServicesController.php, line 137]
Request URL: /services/login
Trace:
Cake\Error\BaseErrorHandler::handleError() - CORE\src\Error\BaseErrorHandler.php, line 153
App\Controller\ServicesController::login() - APP/Controller\ServicesController.php, line 137
Cake\Controller\Controller::invokeAction() - CORE\src\Controller\Controller.php, line 440
Cake\Http\ActionDispatcher::_invoke() - CORE\src\Http\ActionDispatcher.php, line 119
Cake\Http\ActionDispatcher::dispatch() - CORE\src\Http\ActionDispatcher.php, line 93
Cake\Http\BaseApplication::__invoke() - CORE\src\Http\BaseApplication.php, line 78
Cake\Http\Runner::__invoke() - CORE\src\Http\Runner.php, line 65
Cake\Routing\Middleware\RoutingMiddleware::__invoke() - CORE\src\Routing\Middleware\RoutingMiddleware.php, line 59
Cake\Http\Runner::__invoke() - CORE\src\Http\Runner.php, line 65
Cake\Routing\Middleware\AssetMiddleware::__invoke() - CORE\src\Routing\Middleware\AssetMiddleware.php, line 88
Cake\Http\Runner::__invoke() - CORE\src\Http\Runner.php, line 65
Cake\Error\Middleware\ErrorHandlerMiddleware::__invoke() - CORE\src\Error\Middleware\ErrorHandlerMiddleware.php, line 92
Cake\Http\Runner::__invoke() - CORE\src\Http\Runner.php, line 65
DebugKit\Middleware\DebugKitMiddleware::__invoke() - ROOT\vendor\cakephp\debug_kit\src\Middleware\DebugKitMiddleware.php, line 52
Cake\Http\Runner::__invoke() - CORE\src\Http\Runner.php, line 65
Cake\Http\Runner::run() - CORE\src\Http\Runner.php, line 51
Cake\Http\Server::run() - CORE\src\Http\Server.php, line 80
[main] - ROOT\webroot\index.php, line 37



2017-06-11 08:41:51 Notice: Notice (8): Trying to get property of non-object in [C:\xampp\htdocs\meeat\src\Controller\ServicesController.php, line 137]
Request URL: /services/login
Trace:
Cake\Error\BaseErrorHandler::handleError() - CORE\src\Error\BaseErrorHandler.php, line 153
App\Controller\ServicesController::login() - APP/Controller\ServicesController.php, line 137
Cake\Controller\Controller::invokeAction() - CORE\src\Controller\Controller.php, line 440
Cake\Http\ActionDispatcher::_invoke() - CORE\src\Http\ActionDispatcher.php, line 119
Cake\Http\ActionDispatcher::dispatch() - CORE\src\Http\ActionDispatcher.php, line 93
Cake\Http\BaseApplication::__invoke() - CORE\src\Http\BaseApplication.php, line 78
Cake\Http\Runner::__invoke() - CORE\src\Http\Runner.php, line 65
Cake\Routing\Middleware\RoutingMiddleware::__invoke() - CORE\src\Routing\Middleware\RoutingMiddleware.php, line 59
Cake\Http\Runner::__invoke() - CORE\src\Http\Runner.php, line 65
Cake\Routing\Middleware\AssetMiddleware::__invoke() - CORE\src\Routing\Middleware\AssetMiddleware.php, line 88
Cake\Http\Runner::__invoke() - CORE\src\Http\Runner.php, line 65
Cake\Error\Middleware\ErrorHandlerMiddleware::__invoke() - CORE\src\Error\Middleware\ErrorHandlerMiddleware.php, line 92
Cake\Http\Runner::__invoke() - CORE\src\Http\Runner.php, line 65
DebugKit\Middleware\DebugKitMiddleware::__invoke() - ROOT\vendor\cakephp\debug_kit\src\Middleware\DebugKitMiddleware.php, line 52
Cake\Http\Runner::__invoke() - CORE\src\Http\Runner.php, line 65
Cake\Http\Runner::run() - CORE\src\Http\Runner.php, line 51
Cake\Http\Server::run() - CORE\src\Http\Server.php, line 80
[main] - ROOT\webroot\index.php, line 37



2017-06-11 08:47:40 Notice: Notice (8): Trying to get property of non-object in [C:\xampp\htdocs\meeat\src\Controller\ServicesController.php, line 137]
Request URL: /services/login
Trace:
Cake\Error\BaseErrorHandler::handleError() - CORE\src\Error\BaseErrorHandler.php, line 153
App\Controller\ServicesController::login() - APP/Controller\ServicesController.php, line 137
Cake\Controller\Controller::invokeAction() - CORE\src\Controller\Controller.php, line 440
Cake\Http\ActionDispatcher::_invoke() - CORE\src\Http\ActionDispatcher.php, line 119
Cake\Http\ActionDispatcher::dispatch() - CORE\src\Http\ActionDispatcher.php, line 93
Cake\Http\BaseApplication::__invoke() - CORE\src\Http\BaseApplication.php, line 78
Cake\Http\Runner::__invoke() - CORE\src\Http\Runner.php, line 65
Cake\Routing\Middleware\RoutingMiddleware::__invoke() - CORE\src\Routing\Middleware\RoutingMiddleware.php, line 59
Cake\Http\Runner::__invoke() - CORE\src\Http\Runner.php, line 65
Cake\Routing\Middleware\AssetMiddleware::__invoke() - CORE\src\Routing\Middleware\AssetMiddleware.php, line 88
Cake\Http\Runner::__invoke() - CORE\src\Http\Runner.php, line 65
Cake\Error\Middleware\ErrorHandlerMiddleware::__invoke() - CORE\src\Error\Middleware\ErrorHandlerMiddleware.php, line 92
Cake\Http\Runner::__invoke() - CORE\src\Http\Runner.php, line 65
DebugKit\Middleware\DebugKitMiddleware::__invoke() - ROOT\vendor\cakephp\debug_kit\src\Middleware\DebugKitMiddleware.php, line 52
Cake\Http\Runner::__invoke() - CORE\src\Http\Runner.php, line 65
Cake\Http\Runner::run() - CORE\src\Http\Runner.php, line 51
Cake\Http\Server::run() - CORE\src\Http\Server.php, line 80
[main] - ROOT\webroot\index.php, line 37



2017-06-11 08:55:52 Notice: Notice (8): Trying to get property of non-object in [C:\xampp\htdocs\meeat\src\Controller\ServicesController.php, line 137]
Request URL: /services/login
Trace:
Cake\Error\BaseErrorHandler::handleError() - CORE\src\Error\BaseErrorHandler.php, line 153
App\Controller\ServicesController::login() - APP/Controller\ServicesController.php, line 137
Cake\Controller\Controller::invokeAction() - CORE\src\Controller\Controller.php, line 440
Cake\Http\ActionDispatcher::_invoke() - CORE\src\Http\ActionDispatcher.php, line 119
Cake\Http\ActionDispatcher::dispatch() - CORE\src\Http\ActionDispatcher.php, line 93
Cake\Http\BaseApplication::__invoke() - CORE\src\Http\BaseApplication.php, line 78
Cake\Http\Runner::__invoke() - CORE\src\Http\Runner.php, line 65
Cake\Routing\Middleware\RoutingMiddleware::__invoke() - CORE\src\Routing\Middleware\RoutingMiddleware.php, line 59
Cake\Http\Runner::__invoke() - CORE\src\Http\Runner.php, line 65
Cake\Routing\Middleware\AssetMiddleware::__invoke() - CORE\src\Routing\Middleware\AssetMiddleware.php, line 88
Cake\Http\Runner::__invoke() - CORE\src\Http\Runner.php, line 65
Cake\Error\Middleware\ErrorHandlerMiddleware::__invoke() - CORE\src\Error\Middleware\ErrorHandlerMiddleware.php, line 92
Cake\Http\Runner::__invoke() - CORE\src\Http\Runner.php, line 65
DebugKit\Middleware\DebugKitMiddleware::__invoke() - ROOT\vendor\cakephp\debug_kit\src\Middleware\DebugKitMiddleware.php, line 52
Cake\Http\Runner::__invoke() - CORE\src\Http\Runner.php, line 65
Cake\Http\Runner::run() - CORE\src\Http\Runner.php, line 51
Cake\Http\Server::run() - CORE\src\Http\Server.php, line 80
[main] - ROOT\webroot\index.php, line 37



2017-06-11 08:55:52 Notice: Notice (8): Indirect modification of overloaded property App\Controller\ServicesController::$Tokens has no effect in [C:\xampp\htdocs\meeat\src\Controller\ServicesController.php, line 141]
Request URL: /services/login
Trace:
Cake\Error\BaseErrorHandler::handleError() - CORE\src\Error\BaseErrorHandler.php, line 153
App\Controller\ServicesController::login() - APP/Controller\ServicesController.php, line 141
Cake\Controller\Controller::invokeAction() - CORE\src\Controller\Controller.php, line 440
Cake\Http\ActionDispatcher::_invoke() - CORE\src\Http\ActionDispatcher.php, line 119
Cake\Http\ActionDispatcher::dispatch() - CORE\src\Http\ActionDispatcher.php, line 93
Cake\Http\BaseApplication::__invoke() - CORE\src\Http\BaseApplication.php, line 78
Cake\Http\Runner::__invoke() - CORE\src\Http\Runner.php, line 65
Cake\Routing\Middleware\RoutingMiddleware::__invoke() - CORE\src\Routing\Middleware\RoutingMiddleware.php, line 59
Cake\Http\Runner::__invoke() - CORE\src\Http\Runner.php, line 65
Cake\Routing\Middleware\AssetMiddleware::__invoke() - CORE\src\Routing\Middleware\AssetMiddleware.php, line 88
Cake\Http\Runner::__invoke() - CORE\src\Http\Runner.php, line 65
Cake\Error\Middleware\ErrorHandlerMiddleware::__invoke() - CORE\src\Error\Middleware\ErrorHandlerMiddleware.php, line 92
Cake\Http\Runner::__invoke() - CORE\src\Http\Runner.php, line 65
DebugKit\Middleware\DebugKitMiddleware::__invoke() - ROOT\vendor\cakephp\debug_kit\src\Middleware\DebugKitMiddleware.php, line 52
Cake\Http\Runner::__invoke() - CORE\src\Http\Runner.php, line 65
Cake\Http\Runner::run() - CORE\src\Http\Runner.php, line 51
Cake\Http\Server::run() - CORE\src\Http\Server.php, line 80
[main] - ROOT\webroot\index.php, line 37



2017-06-11 09:04:33 Notice: Notice (8): Trying to get property of non-object in [C:\xampp\htdocs\meeat\src\Controller\ServicesController.php, line 140]
Request URL: /services/login
Trace:
Cake\Error\BaseErrorHandler::handleError() - CORE\src\Error\BaseErrorHandler.php, line 153
App\Controller\ServicesController::login() - APP/Controller\ServicesController.php, line 140
Cake\Controller\Controller::invokeAction() - CORE\src\Controller\Controller.php, line 440
Cake\Http\ActionDispatcher::_invoke() - CORE\src\Http\ActionDispatcher.php, line 119
Cake\Http\ActionDispatcher::dispatch() - CORE\src\Http\ActionDispatcher.php, line 93
Cake\Http\BaseApplication::__invoke() - CORE\src\Http\BaseApplication.php, line 78
Cake\Http\Runner::__invoke() - CORE\src\Http\Runner.php, line 65
Cake\Routing\Middleware\RoutingMiddleware::__invoke() - CORE\src\Routing\Middleware\RoutingMiddleware.php, line 59
Cake\Http\Runner::__invoke() - CORE\src\Http\Runner.php, line 65
Cake\Routing\Middleware\AssetMiddleware::__invoke() - CORE\src\Routing\Middleware\AssetMiddleware.php, line 88
Cake\Http\Runner::__invoke() - CORE\src\Http\Runner.php, line 65
Cake\Error\Middleware\ErrorHandlerMiddleware::__invoke() - CORE\src\Error\Middleware\ErrorHandlerMiddleware.php, line 92
Cake\Http\Runner::__invoke() - CORE\src\Http\Runner.php, line 65
DebugKit\Middleware\DebugKitMiddleware::__invoke() - ROOT\vendor\cakephp\debug_kit\src\Middleware\DebugKitMiddleware.php, line 52
Cake\Http\Runner::__invoke() - CORE\src\Http\Runner.php, line 65
Cake\Http\Runner::run() - CORE\src\Http\Runner.php, line 51
Cake\Http\Server::run() - CORE\src\Http\Server.php, line 80
[main] - ROOT\webroot\index.php, line 37



2017-06-11 09:05:58 Notice: Notice (8): Trying to get property of non-object in [C:\xampp\htdocs\meeat\src\Controller\ServicesController.php, line 146]
Request URL: /services/login
Trace:
Cake\Error\BaseErrorHandler::handleError() - CORE\src\Error\BaseErrorHandler.php, line 153
App\Controller\ServicesController::login() - APP/Controller\ServicesController.php, line 146
Cake\Controller\Controller::invokeAction() - CORE\src\Controller\Controller.php, line 440
Cake\Http\ActionDispatcher::_invoke() - CORE\src\Http\ActionDispatcher.php, line 119
Cake\Http\ActionDispatcher::dispatch() - CORE\src\Http\ActionDispatcher.php, line 93
Cake\Http\BaseApplication::__invoke() - CORE\src\Http\BaseApplication.php, line 78
Cake\Http\Runner::__invoke() - CORE\src\Http\Runner.php, line 65
Cake\Routing\Middleware\RoutingMiddleware::__invoke() - CORE\src\Routing\Middleware\RoutingMiddleware.php, line 59
Cake\Http\Runner::__invoke() - CORE\src\Http\Runner.php, line 65
Cake\Routing\Middleware\AssetMiddleware::__invoke() - CORE\src\Routing\Middleware\AssetMiddleware.php, line 88
Cake\Http\Runner::__invoke() - CORE\src\Http\Runner.php, line 65
Cake\Error\Middleware\ErrorHandlerMiddleware::__invoke() - CORE\src\Error\Middleware\ErrorHandlerMiddleware.php, line 92
Cake\Http\Runner::__invoke() - CORE\src\Http\Runner.php, line 65
DebugKit\Middleware\DebugKitMiddleware::__invoke() - ROOT\vendor\cakephp\debug_kit\src\Middleware\DebugKitMiddleware.php, line 52
Cake\Http\Runner::__invoke() - CORE\src\Http\Runner.php, line 65
Cake\Http\Runner::run() - CORE\src\Http\Runner.php, line 51
Cake\Http\Server::run() - CORE\src\Http\Server.php, line 80
[main] - ROOT\webroot\index.php, line 37



2017-06-11 09:07:16 Notice: Notice (8): Trying to get property of non-object in [C:\xampp\htdocs\meeat\src\Controller\ServicesController.php, line 146]
Request URL: /services/login
Trace:
Cake\Error\BaseErrorHandler::handleError() - CORE\src\Error\BaseErrorHandler.php, line 153
App\Controller\ServicesController::login() - APP/Controller\ServicesController.php, line 146
Cake\Controller\Controller::invokeAction() - CORE\src\Controller\Controller.php, line 440
Cake\Http\ActionDispatcher::_invoke() - CORE\src\Http\ActionDispatcher.php, line 119
Cake\Http\ActionDispatcher::dispatch() - CORE\src\Http\ActionDispatcher.php, line 93
Cake\Http\BaseApplication::__invoke() - CORE\src\Http\BaseApplication.php, line 78
Cake\Http\Runner::__invoke() - CORE\src\Http\Runner.php, line 65
Cake\Routing\Middleware\RoutingMiddleware::__invoke() - CORE\src\Routing\Middleware\RoutingMiddleware.php, line 59
Cake\Http\Runner::__invoke() - CORE\src\Http\Runner.php, line 65
Cake\Routing\Middleware\AssetMiddleware::__invoke() - CORE\src\Routing\Middleware\AssetMiddleware.php, line 88
Cake\Http\Runner::__invoke() - CORE\src\Http\Runner.php, line 65
Cake\Error\Middleware\ErrorHandlerMiddleware::__invoke() - CORE\src\Error\Middleware\ErrorHandlerMiddleware.php, line 92
Cake\Http\Runner::__invoke() - CORE\src\Http\Runner.php, line 65
DebugKit\Middleware\DebugKitMiddleware::__invoke() - ROOT\vendor\cakephp\debug_kit\src\Middleware\DebugKitMiddleware.php, line 52
Cake\Http\Runner::__invoke() - CORE\src\Http\Runner.php, line 65
Cake\Http\Runner::run() - CORE\src\Http\Runner.php, line 51
Cake\Http\Server::run() - CORE\src\Http\Server.php, line 80
[main] - ROOT\webroot\index.php, line 37



2017-06-11 09:08:06 Notice: Notice (8): Trying to get property of non-object in [C:\xampp\htdocs\meeat\src\Controller\ServicesController.php, line 141]
Request URL: /services/login
Trace:
Cake\Error\BaseErrorHandler::handleError() - CORE\src\Error\BaseErrorHandler.php, line 153
App\Controller\ServicesController::login() - APP/Controller\ServicesController.php, line 141
Cake\Controller\Controller::invokeAction() - CORE\src\Controller\Controller.php, line 440
Cake\Http\ActionDispatcher::_invoke() - CORE\src\Http\ActionDispatcher.php, line 119
Cake\Http\ActionDispatcher::dispatch() - CORE\src\Http\ActionDispatcher.php, line 93
Cake\Http\BaseApplication::__invoke() - CORE\src\Http\BaseApplication.php, line 78
Cake\Http\Runner::__invoke() - CORE\src\Http\Runner.php, line 65
Cake\Routing\Middleware\RoutingMiddleware::__invoke() - CORE\src\Routing\Middleware\RoutingMiddleware.php, line 59
Cake\Http\Runner::__invoke() - CORE\src\Http\Runner.php, line 65
Cake\Routing\Middleware\AssetMiddleware::__invoke() - CORE\src\Routing\Middleware\AssetMiddleware.php, line 88
Cake\Http\Runner::__invoke() - CORE\src\Http\Runner.php, line 65
Cake\Error\Middleware\ErrorHandlerMiddleware::__invoke() - CORE\src\Error\Middleware\ErrorHandlerMiddleware.php, line 92
Cake\Http\Runner::__invoke() - CORE\src\Http\Runner.php, line 65
DebugKit\Middleware\DebugKitMiddleware::__invoke() - ROOT\vendor\cakephp\debug_kit\src\Middleware\DebugKitMiddleware.php, line 52
Cake\Http\Runner::__invoke() - CORE\src\Http\Runner.php, line 65
Cake\Http\Runner::run() - CORE\src\Http\Runner.php, line 51
Cake\Http\Server::run() - CORE\src\Http\Server.php, line 80
[main] - ROOT\webroot\index.php, line 37



2017-06-11 09:09:14 Notice: Notice (8): Undefined index: id in [C:\xampp\htdocs\meeat\src\Controller\ServicesController.php, line 142]
Request URL: /services/login
Trace:
Cake\Error\BaseErrorHandler::handleError() - CORE\src\Error\BaseErrorHandler.php, line 153
App\Controller\ServicesController::login() - APP/Controller\ServicesController.php, line 142
Cake\Controller\Controller::invokeAction() - CORE\src\Controller\Controller.php, line 440
Cake\Http\ActionDispatcher::_invoke() - CORE\src\Http\ActionDispatcher.php, line 119
Cake\Http\ActionDispatcher::dispatch() - CORE\src\Http\ActionDispatcher.php, line 93
Cake\Http\BaseApplication::__invoke() - CORE\src\Http\BaseApplication.php, line 78
Cake\Http\Runner::__invoke() - CORE\src\Http\Runner.php, line 65
Cake\Routing\Middleware\RoutingMiddleware::__invoke() - CORE\src\Routing\Middleware\RoutingMiddleware.php, line 59
Cake\Http\Runner::__invoke() - CORE\src\Http\Runner.php, line 65
Cake\Routing\Middleware\AssetMiddleware::__invoke() - CORE\src\Routing\Middleware\AssetMiddleware.php, line 88
Cake\Http\Runner::__invoke() - CORE\src\Http\Runner.php, line 65
Cake\Error\Middleware\ErrorHandlerMiddleware::__invoke() - CORE\src\Error\Middleware\ErrorHandlerMiddleware.php, line 92
Cake\Http\Runner::__invoke() - CORE\src\Http\Runner.php, line 65
DebugKit\Middleware\DebugKitMiddleware::__invoke() - ROOT\vendor\cakephp\debug_kit\src\Middleware\DebugKitMiddleware.php, line 52
Cake\Http\Runner::__invoke() - CORE\src\Http\Runner.php, line 65
Cake\Http\Runner::run() - CORE\src\Http\Runner.php, line 51
Cake\Http\Server::run() - CORE\src\Http\Server.php, line 80
[main] - ROOT\webroot\index.php, line 37



2017-06-11 09:09:34 Notice: Notice (8): Trying to get property of non-object in [C:\xampp\htdocs\meeat\src\Controller\ServicesController.php, line 143]
Request URL: /services/login
Trace:
Cake\Error\BaseErrorHandler::handleError() - CORE\src\Error\BaseErrorHandler.php, line 153
App\Controller\ServicesController::login() - APP/Controller\ServicesController.php, line 143
Cake\Controller\Controller::invokeAction() - CORE\src\Controller\Controller.php, line 440
Cake\Http\ActionDispatcher::_invoke() - CORE\src\Http\ActionDispatcher.php, line 119
Cake\Http\ActionDispatcher::dispatch() - CORE\src\Http\ActionDispatcher.php, line 93
Cake\Http\BaseApplication::__invoke() - CORE\src\Http\BaseApplication.php, line 78
Cake\Http\Runner::__invoke() - CORE\src\Http\Runner.php, line 65
Cake\Routing\Middleware\RoutingMiddleware::__invoke() - CORE\src\Routing\Middleware\RoutingMiddleware.php, line 59
Cake\Http\Runner::__invoke() - CORE\src\Http\Runner.php, line 65
Cake\Routing\Middleware\AssetMiddleware::__invoke() - CORE\src\Routing\Middleware\AssetMiddleware.php, line 88
Cake\Http\Runner::__invoke() - CORE\src\Http\Runner.php, line 65
Cake\Error\Middleware\ErrorHandlerMiddleware::__invoke() - CORE\src\Error\Middleware\ErrorHandlerMiddleware.php, line 92
Cake\Http\Runner::__invoke() - CORE\src\Http\Runner.php, line 65
DebugKit\Middleware\DebugKitMiddleware::__invoke() - ROOT\vendor\cakephp\debug_kit\src\Middleware\DebugKitMiddleware.php, line 52
Cake\Http\Runner::__invoke() - CORE\src\Http\Runner.php, line 65
Cake\Http\Runner::run() - CORE\src\Http\Runner.php, line 51
Cake\Http\Server::run() - CORE\src\Http\Server.php, line 80
[main] - ROOT\webroot\index.php, line 37



2017-06-11 09:36:42 Notice: Notice (8): Undefined offset: 0 in [C:\xampp\htdocs\meeat\src\Controller\ServicesController.php, line 135]
Request URL: /services/login
Trace:
Cake\Error\BaseErrorHandler::handleError() - CORE\src\Error\BaseErrorHandler.php, line 153
App\Controller\ServicesController::login() - APP/Controller\ServicesController.php, line 135
Cake\Controller\Controller::invokeAction() - CORE\src\Controller\Controller.php, line 440
Cake\Http\ActionDispatcher::_invoke() - CORE\src\Http\ActionDispatcher.php, line 119
Cake\Http\ActionDispatcher::dispatch() - CORE\src\Http\ActionDispatcher.php, line 93
Cake\Http\BaseApplication::__invoke() - CORE\src\Http\BaseApplication.php, line 78
Cake\Http\Runner::__invoke() - CORE\src\Http\Runner.php, line 65
Cake\Routing\Middleware\RoutingMiddleware::__invoke() - CORE\src\Routing\Middleware\RoutingMiddleware.php, line 59
Cake\Http\Runner::__invoke() - CORE\src\Http\Runner.php, line 65
Cake\Routing\Middleware\AssetMiddleware::__invoke() - CORE\src\Routing\Middleware\AssetMiddleware.php, line 88
Cake\Http\Runner::__invoke() - CORE\src\Http\Runner.php, line 65
Cake\Error\Middleware\ErrorHandlerMiddleware::__invoke() - CORE\src\Error\Middleware\ErrorHandlerMiddleware.php, line 92
Cake\Http\Runner::__invoke() - CORE\src\Http\Runner.php, line 65
DebugKit\Middleware\DebugKitMiddleware::__invoke() - ROOT\vendor\cakephp\debug_kit\src\Middleware\DebugKitMiddleware.php, line 52
Cake\Http\Runner::__invoke() - CORE\src\Http\Runner.php, line 65
Cake\Http\Runner::run() - CORE\src\Http\Runner.php, line 51
Cake\Http\Server::run() - CORE\src\Http\Server.php, line 80
[main] - ROOT\webroot\index.php, line 37



2017-06-11 10:04:42 Notice: Notice (8): Undefined variable: _FILE in [C:\xampp\htdocs\meeat\src\Controller\ServicesController.php, line 219]
Request URL: /services/UpdateProfile
Trace:
Cake\Error\BaseErrorHandler::handleError() - CORE\src\Error\BaseErrorHandler.php, line 153
App\Controller\ServicesController::UpdateProfile() - APP/Controller\ServicesController.php, line 219
Cake\Controller\Controller::invokeAction() - CORE\src\Controller\Controller.php, line 440
Cake\Http\ActionDispatcher::_invoke() - CORE\src\Http\ActionDispatcher.php, line 119
Cake\Http\ActionDispatcher::dispatch() - CORE\src\Http\ActionDispatcher.php, line 93
Cake\Http\BaseApplication::__invoke() - CORE\src\Http\BaseApplication.php, line 78
Cake\Http\Runner::__invoke() - CORE\src\Http\Runner.php, line 65
Cake\Routing\Middleware\RoutingMiddleware::__invoke() - CORE\src\Routing\Middleware\RoutingMiddleware.php, line 59
Cake\Http\Runner::__invoke() - CORE\src\Http\Runner.php, line 65
Cake\Routing\Middleware\AssetMiddleware::__invoke() - CORE\src\Routing\Middleware\AssetMiddleware.php, line 88
Cake\Http\Runner::__invoke() - CORE\src\Http\Runner.php, line 65
Cake\Error\Middleware\ErrorHandlerMiddleware::__invoke() - CORE\src\Error\Middleware\ErrorHandlerMiddleware.php, line 92
Cake\Http\Runner::__invoke() - CORE\src\Http\Runner.php, line 65
DebugKit\Middleware\DebugKitMiddleware::__invoke() - ROOT\vendor\cakephp\debug_kit\src\Middleware\DebugKitMiddleware.php, line 52
Cake\Http\Runner::__invoke() - CORE\src\Http\Runner.php, line 65
Cake\Http\Runner::run() - CORE\src\Http\Runner.php, line 51
Cake\Http\Server::run() - CORE\src\Http\Server.php, line 80
[main] - ROOT\webroot\index.php, line 37



2017-06-20 17:57:32 Notice: Notice (8): Undefined variable: image in [C:\xampp\htdocs\meeat\src\Controller\ServicesController.php, line 221]
Request URL: /services/UpdateProfile
Trace:
Cake\Error\BaseErrorHandler::handleError() - CORE\src\Error\BaseErrorHandler.php, line 153
App\Controller\ServicesController::UpdateProfile() - APP/Controller\ServicesController.php, line 221
Cake\Controller\Controller::invokeAction() - CORE\src\Controller\Controller.php, line 440
Cake\Http\ActionDispatcher::_invoke() - CORE\src\Http\ActionDispatcher.php, line 119
Cake\Http\ActionDispatcher::dispatch() - CORE\src\Http\ActionDispatcher.php, line 93
Cake\Http\BaseApplication::__invoke() - CORE\src\Http\BaseApplication.php, line 78
Cake\Http\Runner::__invoke() - CORE\src\Http\Runner.php, line 65
Cake\Routing\Middleware\RoutingMiddleware::__invoke() - CORE\src\Routing\Middleware\RoutingMiddleware.php, line 59
Cake\Http\Runner::__invoke() - CORE\src\Http\Runner.php, line 65
Cake\Routing\Middleware\AssetMiddleware::__invoke() - CORE\src\Routing\Middleware\AssetMiddleware.php, line 88
Cake\Http\Runner::__invoke() - CORE\src\Http\Runner.php, line 65
Cake\Error\Middleware\ErrorHandlerMiddleware::__invoke() - CORE\src\Error\Middleware\ErrorHandlerMiddleware.php, line 92
Cake\Http\Runner::__invoke() - CORE\src\Http\Runner.php, line 65
DebugKit\Middleware\DebugKitMiddleware::__invoke() - ROOT\vendor\cakephp\debug_kit\src\Middleware\DebugKitMiddleware.php, line 52
Cake\Http\Runner::__invoke() - CORE\src\Http\Runner.php, line 65
Cake\Http\Runner::run() - CORE\src\Http\Runner.php, line 51
Cake\Http\Server::run() - CORE\src\Http\Server.php, line 80
[main] - ROOT\webroot\index.php, line 37



2017-06-20 17:57:59 Notice: Notice (8): Undefined variable: image in [C:\xampp\htdocs\meeat\src\Controller\ServicesController.php, line 221]
Request URL: /services/UpdateProfile
Trace:
Cake\Error\BaseErrorHandler::handleError() - CORE\src\Error\BaseErrorHandler.php, line 153
App\Controller\ServicesController::UpdateProfile() - APP/Controller\ServicesController.php, line 221
Cake\Controller\Controller::invokeAction() - CORE\src\Controller\Controller.php, line 440
Cake\Http\ActionDispatcher::_invoke() - CORE\src\Http\ActionDispatcher.php, line 119
Cake\Http\ActionDispatcher::dispatch() - CORE\src\Http\ActionDispatcher.php, line 93
Cake\Http\BaseApplication::__invoke() - CORE\src\Http\BaseApplication.php, line 78
Cake\Http\Runner::__invoke() - CORE\src\Http\Runner.php, line 65
Cake\Routing\Middleware\RoutingMiddleware::__invoke() - CORE\src\Routing\Middleware\RoutingMiddleware.php, line 59
Cake\Http\Runner::__invoke() - CORE\src\Http\Runner.php, line 65
Cake\Routing\Middleware\AssetMiddleware::__invoke() - CORE\src\Routing\Middleware\AssetMiddleware.php, line 88
Cake\Http\Runner::__invoke() - CORE\src\Http\Runner.php, line 65
Cake\Error\Middleware\ErrorHandlerMiddleware::__invoke() - CORE\src\Error\Middleware\ErrorHandlerMiddleware.php, line 92
Cake\Http\Runner::__invoke() - CORE\src\Http\Runner.php, line 65
DebugKit\Middleware\DebugKitMiddleware::__invoke() - ROOT\vendor\cakephp\debug_kit\src\Middleware\DebugKitMiddleware.php, line 52
Cake\Http\Runner::__invoke() - CORE\src\Http\Runner.php, line 65
Cake\Http\Runner::run() - CORE\src\Http\Runner.php, line 51
Cake\Http\Server::run() - CORE\src\Http\Server.php, line 80
[main] - ROOT\webroot\index.php, line 37



2017-06-20 18:01:00 Notice: Notice (8): Undefined index: temp in [C:\xampp\htdocs\meeat\src\Controller\ServicesController.php, line 223]
Request URL: /services/UpdateProfile
Trace:
Cake\Error\BaseErrorHandler::handleError() - CORE\src\Error\BaseErrorHandler.php, line 153
App\Controller\ServicesController::UpdateProfile() - APP/Controller\ServicesController.php, line 223
Cake\Controller\Controller::invokeAction() - CORE\src\Controller\Controller.php, line 440
Cake\Http\ActionDispatcher::_invoke() - CORE\src\Http\ActionDispatcher.php, line 119
Cake\Http\ActionDispatcher::dispatch() - CORE\src\Http\ActionDispatcher.php, line 93
Cake\Http\BaseApplication::__invoke() - CORE\src\Http\BaseApplication.php, line 78
Cake\Http\Runner::__invoke() - CORE\src\Http\Runner.php, line 65
Cake\Routing\Middleware\RoutingMiddleware::__invoke() - CORE\src\Routing\Middleware\RoutingMiddleware.php, line 59
Cake\Http\Runner::__invoke() - CORE\src\Http\Runner.php, line 65
Cake\Routing\Middleware\AssetMiddleware::__invoke() - CORE\src\Routing\Middleware\AssetMiddleware.php, line 88
Cake\Http\Runner::__invoke() - CORE\src\Http\Runner.php, line 65
Cake\Error\Middleware\ErrorHandlerMiddleware::__invoke() - CORE\src\Error\Middleware\ErrorHandlerMiddleware.php, line 92
Cake\Http\Runner::__invoke() - CORE\src\Http\Runner.php, line 65
DebugKit\Middleware\DebugKitMiddleware::__invoke() - ROOT\vendor\cakephp\debug_kit\src\Middleware\DebugKitMiddleware.php, line 52
Cake\Http\Runner::__invoke() - CORE\src\Http\Runner.php, line 65
Cake\Http\Runner::run() - CORE\src\Http\Runner.php, line 51
Cake\Http\Server::run() - CORE\src\Http\Server.php, line 80
[main] - ROOT\webroot\index.php, line 37



2017-06-22 18:32:36 Notice: Notice (8): Undefined variable: password in [C:\xampp\htdocs\meeat\src\Controller\ServicesController.php, line 233]
Request URL: /services/UpdateProfile
Trace:
Cake\Error\BaseErrorHandler::handleError() - CORE\src\Error\BaseErrorHandler.php, line 153
App\Controller\ServicesController::UpdateProfile() - APP/Controller\ServicesController.php, line 233
Cake\Controller\Controller::invokeAction() - CORE\src\Controller\Controller.php, line 440
Cake\Http\ActionDispatcher::_invoke() - CORE\src\Http\ActionDispatcher.php, line 119
Cake\Http\ActionDispatcher::dispatch() - CORE\src\Http\ActionDispatcher.php, line 93
Cake\Http\BaseApplication::__invoke() - CORE\src\Http\BaseApplication.php, line 78
Cake\Http\Runner::__invoke() - CORE\src\Http\Runner.php, line 65
Cake\Routing\Middleware\RoutingMiddleware::__invoke() - CORE\src\Routing\Middleware\RoutingMiddleware.php, line 59
Cake\Http\Runner::__invoke() - CORE\src\Http\Runner.php, line 65
Cake\Routing\Middleware\AssetMiddleware::__invoke() - CORE\src\Routing\Middleware\AssetMiddleware.php, line 88
Cake\Http\Runner::__invoke() - CORE\src\Http\Runner.php, line 65
Cake\Error\Middleware\ErrorHandlerMiddleware::__invoke() - CORE\src\Error\Middleware\ErrorHandlerMiddleware.php, line 92
Cake\Http\Runner::__invoke() - CORE\src\Http\Runner.php, line 65
DebugKit\Middleware\DebugKitMiddleware::__invoke() - ROOT\vendor\cakephp\debug_kit\src\Middleware\DebugKitMiddleware.php, line 52
Cake\Http\Runner::__invoke() - CORE\src\Http\Runner.php, line 65
Cake\Http\Runner::run() - CORE\src\Http\Runner.php, line 51
Cake\Http\Server::run() - CORE\src\Http\Server.php, line 80
[main] - ROOT\webroot\index.php, line 37



2017-06-22 18:34:09 Notice: Notice (8): Undefined variable: password in [C:\xampp\htdocs\meeat\src\Controller\ServicesController.php, line 233]
Request URL: /services/UpdateProfile
Trace:
Cake\Error\BaseErrorHandler::handleError() - CORE\src\Error\BaseErrorHandler.php, line 153
App\Controller\ServicesController::UpdateProfile() - APP/Controller\ServicesController.php, line 233
Cake\Controller\Controller::invokeAction() - CORE\src\Controller\Controller.php, line 440
Cake\Http\ActionDispatcher::_invoke() - CORE\src\Http\ActionDispatcher.php, line 119
Cake\Http\ActionDispatcher::dispatch() - CORE\src\Http\ActionDispatcher.php, line 93
Cake\Http\BaseApplication::__invoke() - CORE\src\Http\BaseApplication.php, line 78
Cake\Http\Runner::__invoke() - CORE\src\Http\Runner.php, line 65
Cake\Routing\Middleware\RoutingMiddleware::__invoke() - CORE\src\Routing\Middleware\RoutingMiddleware.php, line 59
Cake\Http\Runner::__invoke() - CORE\src\Http\Runner.php, line 65
Cake\Routing\Middleware\AssetMiddleware::__invoke() - CORE\src\Routing\Middleware\AssetMiddleware.php, line 88
Cake\Http\Runner::__invoke() - CORE\src\Http\Runner.php, line 65
Cake\Error\Middleware\ErrorHandlerMiddleware::__invoke() - CORE\src\Error\Middleware\ErrorHandlerMiddleware.php, line 92
Cake\Http\Runner::__invoke() - CORE\src\Http\Runner.php, line 65
DebugKit\Middleware\DebugKitMiddleware::__invoke() - ROOT\vendor\cakephp\debug_kit\src\Middleware\DebugKitMiddleware.php, line 52
Cake\Http\Runner::__invoke() - CORE\src\Http\Runner.php, line 65
Cake\Http\Runner::run() - CORE\src\Http\Runner.php, line 51
Cake\Http\Server::run() - CORE\src\Http\Server.php, line 80
[main] - ROOT\webroot\index.php, line 37



2017-07-29 12:46:57 Notice: Notice (8): Undefined variable: event in [C:\xampp\htdocs\meeat\src\Controller\ServicesController.php, line 878]
Request URL: /services/eventimages
Trace:
Cake\Error\BaseErrorHandler::handleError() - CORE\src\Error\BaseErrorHandler.php, line 153
App\Controller\ServicesController::eventimages() - APP/Controller\ServicesController.php, line 878
Cake\Controller\Controller::invokeAction() - CORE\src\Controller\Controller.php, line 440
Cake\Http\ActionDispatcher::_invoke() - CORE\src\Http\ActionDispatcher.php, line 119
Cake\Http\ActionDispatcher::dispatch() - CORE\src\Http\ActionDispatcher.php, line 93
Cake\Http\BaseApplication::__invoke() - CORE\src\Http\BaseApplication.php, line 78
Cake\Http\Runner::__invoke() - CORE\src\Http\Runner.php, line 65
Cake\Routing\Middleware\RoutingMiddleware::__invoke() - CORE\src\Routing\Middleware\RoutingMiddleware.php, line 59
Cake\Http\Runner::__invoke() - CORE\src\Http\Runner.php, line 65
Cake\Routing\Middleware\AssetMiddleware::__invoke() - CORE\src\Routing\Middleware\AssetMiddleware.php, line 88
Cake\Http\Runner::__invoke() - CORE\src\Http\Runner.php, line 65
Cake\Error\Middleware\ErrorHandlerMiddleware::__invoke() - CORE\src\Error\Middleware\ErrorHandlerMiddleware.php, line 92
Cake\Http\Runner::__invoke() - CORE\src\Http\Runner.php, line 65
DebugKit\Middleware\DebugKitMiddleware::__invoke() - ROOT\vendor\cakephp\debug_kit\src\Middleware\DebugKitMiddleware.php, line 52
Cake\Http\Runner::__invoke() - CORE\src\Http\Runner.php, line 65
Cake\Http\Runner::run() - CORE\src\Http\Runner.php, line 51
Cake\Http\Server::run() - CORE\src\Http\Server.php, line 80
[main] - ROOT\webroot\index.php, line 37



2017-07-29 13:21:09 Notice: Notice (8): Undefined index: emailid in [C:\xampp\htdocs\meeat\src\Controller\ServicesController.php, line 152]
Request URL: /services/login
Trace:
Cake\Error\BaseErrorHandler::handleError() - CORE\src\Error\BaseErrorHandler.php, line 153
App\Controller\ServicesController::login() - APP/Controller\ServicesController.php, line 152
Cake\Controller\Controller::invokeAction() - CORE\src\Controller\Controller.php, line 440
Cake\Http\ActionDispatcher::_invoke() - CORE\src\Http\ActionDispatcher.php, line 119
Cake\Http\ActionDispatcher::dispatch() - CORE\src\Http\ActionDispatcher.php, line 93
Cake\Http\BaseApplication::__invoke() - CORE\src\Http\BaseApplication.php, line 78
Cake\Http\Runner::__invoke() - CORE\src\Http\Runner.php, line 65
Cake\Routing\Middleware\RoutingMiddleware::__invoke() - CORE\src\Routing\Middleware\RoutingMiddleware.php, line 59
Cake\Http\Runner::__invoke() - CORE\src\Http\Runner.php, line 65
Cake\Routing\Middleware\AssetMiddleware::__invoke() - CORE\src\Routing\Middleware\AssetMiddleware.php, line 88
Cake\Http\Runner::__invoke() - CORE\src\Http\Runner.php, line 65
Cake\Error\Middleware\ErrorHandlerMiddleware::__invoke() - CORE\src\Error\Middleware\ErrorHandlerMiddleware.php, line 92
Cake\Http\Runner::__invoke() - CORE\src\Http\Runner.php, line 65
DebugKit\Middleware\DebugKitMiddleware::__invoke() - ROOT\vendor\cakephp\debug_kit\src\Middleware\DebugKitMiddleware.php, line 52
Cake\Http\Runner::__invoke() - CORE\src\Http\Runner.php, line 65
Cake\Http\Runner::run() - CORE\src\Http\Runner.php, line 51
Cake\Http\Server::run() - CORE\src\Http\Server.php, line 80
[main] - ROOT\webroot\index.php, line 37



2017-07-29 14:08:36 Notice: Notice (8): Undefined variable: event_id in [C:\xampp\htdocs\meeat\src\Controller\ServicesController.php, line 970]
Request URL: /services/eventinfo
Trace:
Cake\Error\BaseErrorHandler::handleError() - CORE\src\Error\BaseErrorHandler.php, line 153
App\Controller\ServicesController::eventinfo() - APP/Controller\ServicesController.php, line 970
Cake\Controller\Controller::invokeAction() - CORE\src\Controller\Controller.php, line 440
Cake\Http\ActionDispatcher::_invoke() - CORE\src\Http\ActionDispatcher.php, line 119
Cake\Http\ActionDispatcher::dispatch() - CORE\src\Http\ActionDispatcher.php, line 93
Cake\Http\BaseApplication::__invoke() - CORE\src\Http\BaseApplication.php, line 78
Cake\Http\Runner::__invoke() - CORE\src\Http\Runner.php, line 65
Cake\Routing\Middleware\RoutingMiddleware::__invoke() - CORE\src\Routing\Middleware\RoutingMiddleware.php, line 59
Cake\Http\Runner::__invoke() - CORE\src\Http\Runner.php, line 65
Cake\Routing\Middleware\AssetMiddleware::__invoke() - CORE\src\Routing\Middleware\AssetMiddleware.php, line 88
Cake\Http\Runner::__invoke() - CORE\src\Http\Runner.php, line 65
Cake\Error\Middleware\ErrorHandlerMiddleware::__invoke() - CORE\src\Error\Middleware\ErrorHandlerMiddleware.php, line 92
Cake\Http\Runner::__invoke() - CORE\src\Http\Runner.php, line 65
DebugKit\Middleware\DebugKitMiddleware::__invoke() - ROOT\vendor\cakephp\debug_kit\src\Middleware\DebugKitMiddleware.php, line 52
Cake\Http\Runner::__invoke() - CORE\src\Http\Runner.php, line 65
Cake\Http\Runner::run() - CORE\src\Http\Runner.php, line 51
Cake\Http\Server::run() - CORE\src\Http\Server.php, line 80
[main] - ROOT\webroot\index.php, line 37



2017-07-30 11:22:48 Notice: Notice (8): Undefined variable: i in [C:\xampp\htdocs\meeat\src\Controller\ServicesController.php, line 987]
Request URL: /services/eventinfo
Trace:
Cake\Error\BaseErrorHandler::handleError() - CORE\src\Error\BaseErrorHandler.php, line 153
App\Controller\ServicesController::eventinfo() - APP/Controller\ServicesController.php, line 987
Cake\Controller\Controller::invokeAction() - CORE\src\Controller\Controller.php, line 440
Cake\Http\ActionDispatcher::_invoke() - CORE\src\Http\ActionDispatcher.php, line 119
Cake\Http\ActionDispatcher::dispatch() - CORE\src\Http\ActionDispatcher.php, line 93
Cake\Http\BaseApplication::__invoke() - CORE\src\Http\BaseApplication.php, line 78
Cake\Http\Runner::__invoke() - CORE\src\Http\Runner.php, line 65
Cake\Routing\Middleware\RoutingMiddleware::__invoke() - CORE\src\Routing\Middleware\RoutingMiddleware.php, line 59
Cake\Http\Runner::__invoke() - CORE\src\Http\Runner.php, line 65
Cake\Routing\Middleware\AssetMiddleware::__invoke() - CORE\src\Routing\Middleware\AssetMiddleware.php, line 88
Cake\Http\Runner::__invoke() - CORE\src\Http\Runner.php, line 65
Cake\Error\Middleware\ErrorHandlerMiddleware::__invoke() - CORE\src\Error\Middleware\ErrorHandlerMiddleware.php, line 92
Cake\Http\Runner::__invoke() - CORE\src\Http\Runner.php, line 65
DebugKit\Middleware\DebugKitMiddleware::__invoke() - ROOT\vendor\cakephp\debug_kit\src\Middleware\DebugKitMiddleware.php, line 52
Cake\Http\Runner::__invoke() - CORE\src\Http\Runner.php, line 65
Cake\Http\Runner::run() - CORE\src\Http\Runner.php, line 51
Cake\Http\Server::run() - CORE\src\Http\Server.php, line 80
[main] - ROOT\webroot\index.php, line 37



2017-07-30 11:22:48 Notice: Notice (8): Undefined variable: i in [C:\xampp\htdocs\meeat\src\Controller\ServicesController.php, line 988]
Request URL: /services/eventinfo
Trace:
Cake\Error\BaseErrorHandler::handleError() - CORE\src\Error\BaseErrorHandler.php, line 153
App\Controller\ServicesController::eventinfo() - APP/Controller\ServicesController.php, line 988
Cake\Controller\Controller::invokeAction() - CORE\src\Controller\Controller.php, line 440
Cake\Http\ActionDispatcher::_invoke() - CORE\src\Http\ActionDispatcher.php, line 119
Cake\Http\ActionDispatcher::dispatch() - CORE\src\Http\ActionDispatcher.php, line 93
Cake\Http\BaseApplication::__invoke() - CORE\src\Http\BaseApplication.php, line 78
Cake\Http\Runner::__invoke() - CORE\src\Http\Runner.php, line 65
Cake\Routing\Middleware\RoutingMiddleware::__invoke() - CORE\src\Routing\Middleware\RoutingMiddleware.php, line 59
Cake\Http\Runner::__invoke() - CORE\src\Http\Runner.php, line 65
Cake\Routing\Middleware\AssetMiddleware::__invoke() - CORE\src\Routing\Middleware\AssetMiddleware.php, line 88
Cake\Http\Runner::__invoke() - CORE\src\Http\Runner.php, line 65
Cake\Error\Middleware\ErrorHandlerMiddleware::__invoke() - CORE\src\Error\Middleware\ErrorHandlerMiddleware.php, line 92
Cake\Http\Runner::__invoke() - CORE\src\Http\Runner.php, line 65
DebugKit\Middleware\DebugKitMiddleware::__invoke() - ROOT\vendor\cakephp\debug_kit\src\Middleware\DebugKitMiddleware.php, line 52
Cake\Http\Runner::__invoke() - CORE\src\Http\Runner.php, line 65
Cake\Http\Runner::run() - CORE\src\Http\Runner.php, line 51
Cake\Http\Server::run() - CORE\src\Http\Server.php, line 80
[main] - ROOT\webroot\index.php, line 37



2017-07-30 11:22:48 Notice: Notice (8): Undefined variable: i in [C:\xampp\htdocs\meeat\src\Controller\ServicesController.php, line 987]
Request URL: /services/eventinfo
Trace:
Cake\Error\BaseErrorHandler::handleError() - CORE\src\Error\BaseErrorHandler.php, line 153
App\Controller\ServicesController::eventinfo() - APP/Controller\ServicesController.php, line 987
Cake\Controller\Controller::invokeAction() - CORE\src\Controller\Controller.php, line 440
Cake\Http\ActionDispatcher::_invoke() - CORE\src\Http\ActionDispatcher.php, line 119
Cake\Http\ActionDispatcher::dispatch() - CORE\src\Http\ActionDispatcher.php, line 93
Cake\Http\BaseApplication::__invoke() - CORE\src\Http\BaseApplication.php, line 78
Cake\Http\Runner::__invoke() - CORE\src\Http\Runner.php, line 65
Cake\Routing\Middleware\RoutingMiddleware::__invoke() - CORE\src\Routing\Middleware\RoutingMiddleware.php, line 59
Cake\Http\Runner::__invoke() - CORE\src\Http\Runner.php, line 65
Cake\Routing\Middleware\AssetMiddleware::__invoke() - CORE\src\Routing\Middleware\AssetMiddleware.php, line 88
Cake\Http\Runner::__invoke() - CORE\src\Http\Runner.php, line 65
Cake\Error\Middleware\ErrorHandlerMiddleware::__invoke() - CORE\src\Error\Middleware\ErrorHandlerMiddleware.php, line 92
Cake\Http\Runner::__invoke() - CORE\src\Http\Runner.php, line 65
DebugKit\Middleware\DebugKitMiddleware::__invoke() - ROOT\vendor\cakephp\debug_kit\src\Middleware\DebugKitMiddleware.php, line 52
Cake\Http\Runner::__invoke() - CORE\src\Http\Runner.php, line 65
Cake\Http\Runner::run() - CORE\src\Http\Runner.php, line 51
Cake\Http\Server::run() - CORE\src\Http\Server.php, line 80
[main] - ROOT\webroot\index.php, line 37



2017-07-30 11:22:48 Notice: Notice (8): Undefined variable: i in [C:\xampp\htdocs\meeat\src\Controller\ServicesController.php, line 988]
Request URL: /services/eventinfo
Trace:
Cake\Error\BaseErrorHandler::handleError() - CORE\src\Error\BaseErrorHandler.php, line 153
App\Controller\ServicesController::eventinfo() - APP/Controller\ServicesController.php, line 988
Cake\Controller\Controller::invokeAction() - CORE\src\Controller\Controller.php, line 440
Cake\Http\ActionDispatcher::_invoke() - CORE\src\Http\ActionDispatcher.php, line 119
Cake\Http\ActionDispatcher::dispatch() - CORE\src\Http\ActionDispatcher.php, line 93
Cake\Http\BaseApplication::__invoke() - CORE\src\Http\BaseApplication.php, line 78
Cake\Http\Runner::__invoke() - CORE\src\Http\Runner.php, line 65
Cake\Routing\Middleware\RoutingMiddleware::__invoke() - CORE\src\Routing\Middleware\RoutingMiddleware.php, line 59
Cake\Http\Runner::__invoke() - CORE\src\Http\Runner.php, line 65
Cake\Routing\Middleware\AssetMiddleware::__invoke() - CORE\src\Routing\Middleware\AssetMiddleware.php, line 88
Cake\Http\Runner::__invoke() - CORE\src\Http\Runner.php, line 65
Cake\Error\Middleware\ErrorHandlerMiddleware::__invoke() - CORE\src\Error\Middleware\ErrorHandlerMiddleware.php, line 92
Cake\Http\Runner::__invoke() - CORE\src\Http\Runner.php, line 65
DebugKit\Middleware\DebugKitMiddleware::__invoke() - ROOT\vendor\cakephp\debug_kit\src\Middleware\DebugKitMiddleware.php, line 52
Cake\Http\Runner::__invoke() - CORE\src\Http\Runner.php, line 65
Cake\Http\Runner::run() - CORE\src\Http\Runner.php, line 51
Cake\Http\Server::run() - CORE\src\Http\Server.php, line 80
[main] - ROOT\webroot\index.php, line 37



